<?xml version="1.0" encoding="UTF-8"?>
<testng-results ignored="0" total="1" passed="1" failed="0" skipped="0">
  <reporter-output>
    <line>
      <![CDATA[onStart]]>
    </line>
    <line>
      <![CDATA[I am in DWS Page After Varification ]]>
    </line>
    <line>
      <![CDATA[OnStartTest Script for giftCardProduct]]>
    </line>
    <line>
      <![CDATA[Product is Added Succesfully in Cart ]]>
    </line>
    <line>
      <![CDATA[OnStartTest Script for giftCardProduct]]>
    </line>
  </reporter-output>
  <suite started-at="2025-03-02T12:52:11 IST" name="Default suite" finished-at="2025-03-02T12:52:24 IST" duration-ms="12511">
    <groups>
    </groups>
    <test started-at="2025-03-02T12:52:11 IST" name="Default test" finished-at="2025-03-02T12:52:24 IST" duration-ms="12511">
      <class name="TestScript.TestScriptTask1">
        <test-method is-config="true" signature="preCondition()[pri:0, instance:TestScript.TestScriptTask1@37ceb1df]" started-at="2025-03-02T12:52:11 IST" name="preCondition" finished-at="2025-03-02T12:52:15 IST" duration-ms="3863" status="PASS">
          <reporter-output>
          </reporter-output>
        </test-method> <!-- preCondition -->
        <test-method is-config="true" signature="logIn()[pri:0, instance:TestScript.TestScriptTask1@37ceb1df]" started-at="2025-03-02T12:52:15 IST" name="logIn" finished-at="2025-03-02T12:52:19 IST" duration-ms="4207" status="PASS">
          <reporter-output>
            <line>
              <![CDATA[I am in DWS Page After Varification ]]>
            </line>
          </reporter-output>
        </test-method> <!-- logIn -->
        <test-method signature="giftCardProduct()[pri:0, instance:TestScript.TestScriptTask1@37ceb1df]" started-at="2025-03-02T12:52:19 IST" name="giftCardProduct" finished-at="2025-03-02T12:52:22 IST" duration-ms="2955" status="PASS">
          <reporter-output>
            <line>
              <![CDATA[OnStartTest Script for giftCardProduct]]>
            </line>
            <line>
              <![CDATA[Product is Added Succesfully in Cart ]]>
            </line>
            <line>
              <![CDATA[OnStartTest Script for giftCardProduct]]>
            </line>
          </reporter-output>
        </test-method> <!-- giftCardProduct -->
        <test-method is-config="true" signature="logOut()[pri:0, instance:TestScript.TestScriptTask1@37ceb1df]" started-at="2025-03-02T12:52:22 IST" name="logOut" finished-at="2025-03-02T12:52:24 IST" duration-ms="1195" status="PASS">
          <reporter-output>
          </reporter-output>
        </test-method> <!-- logOut -->
        <test-method is-config="true" signature="postCondition()[pri:0, instance:TestScript.TestScriptTask1@37ceb1df]" started-at="2025-03-02T12:52:24 IST" name="postCondition" finished-at="2025-03-02T12:52:24 IST" duration-ms="195" status="PASS">
          <reporter-output>
          </reporter-output>
        </test-method> <!-- postCondition -->
      </class> <!-- TestScript.TestScriptTask1 -->
    </test> <!-- Default test -->
  </suite> <!-- Default suite -->
</testng-results>
